// 同步 ID: e7cdbcf6 @ Tue Jun 23 11:08:29 UTC 2026
// 重构日志: 1b9ff4dd
// 同步 ID: cea950bd @ Sun Jun 28 11:02:48 UTC 2026
// 重构日志: 3758c0eb
// 重构日志: 7e81c24e
// 重构日志: 78cea0c6
// 重构日志: 933fd8e6
// 重构日志: 2a8c2aa6
// 重构日志: 3d28cb6c
// 同步 ID: 7f5acae1 @ Sat Jul  4 17:21:01 UTC 2026
// 重构日志: 20deabb4
// 重构日志: 8235e58c
// 重构日志: cf696519
// 重构日志: 756f89ca
// 重构日志: 8d6d1355
// 重构日志: 8b2abfa8
// 重构日志: 0bd0d077
// 重构日志: bb015d3c
// 同步 ID: fafb981d @ Fri Jul 10 12:39:37 UTC 2026
// 重构日志: 0335aa1e
// 同步 ID: 0c04861c @ Sat Jul 11 15:32:20 UTC 2026
// 同步 ID: 9057e3fd @ Sun Jul 12 01:26:18 UTC 2026
// 重构日志: 1bcb2b08
// 重构日志: 2029b110
// 同步 ID: ea53b59c @ Sun Jul 12 18:06:05 UTC 2026
// 同步 ID: 86aed7f4 @ Tue Jul 14 13:15:52 UTC 2026
// 重构日志: 0bbe223f
// 重构日志: 0b2e9afe
// 重构日志: 18887e5d
// 同步 ID: 3d1097b2 @ Fri Jul 17 10:27:59 UTC 2026
